#
# There is insufficient memory for the Java Runtime Environment to continue.
# Native memory allocation (malloc) failed to allocate 32744 bytes for ChunkPool::allocate
# Possible reasons:
#   The system is out of physical RAM or swap space
#   In 32 bit mode, the process size limit was hit
# Possible solutions:
#   Reduce memory load on the system
#   Increase physical memory or swap space
#   Check if swap backing store is full
#   Use 64 bit Java on a 64 bit OS
#   Decrease Java heap size (-Xmx/-Xms)
#   Decrease number of Java threads
#   Decrease Java thread stack sizes (-Xss)
#   Set larger code cache with -XX:ReservedCodeCacheSize=
# This output file may be truncated or incomplete.
#
#  Out of Memory Error (allocation.cpp:273), pid=98436, tid=79496
#
# JRE version: Java(TM) SE Runtime Environment (8.0_51-b16) (build 1.8.0_51-b16)
# Java VM: Java HotSpot(TM) 64-Bit Server VM (25.51-b03 mixed mode windows-amd64 compressed oops)
# Failed to write core dump. Minidumps are not enabled by default on client versions of Windows
#

---------------  T H R E A D  ---------------

Current thread (0x00000000150eb000):  JavaThread "C2 CompilerThread0" daemon [_thread_in_native, id=79496, stack(0x0000000016650000,0x0000000016750000)]

Stack: [0x0000000016650000,0x0000000016750000]
Native frames: (J=compiled Java code, j=interpreted, Vv=VM code, C=native code)
V  [jvm.dll+0x32b4ca]


Current CompileTask:
C2:   2276 1141   !   4       com.android.dx.cf.code.BytecodeArray::parseInstruction (2764 bytes)


---------------  P R O C E S S  ---------------

Java Threads: ( => current thread )
  0x0000000016bc7000 JavaThread "pool-2-thread-4" [_thread_in_vm, id=99108, stack(0x0000000017350000,0x0000000017450000)]
  0x0000000016bb6000 JavaThread "pool-2-thread-3" [_thread_in_Java, id=75852, stack(0x0000000017250000,0x0000000017350000)]
  0x0000000016bb4000 JavaThread "pool-2-thread-2" [_thread_in_vm, id=98784, stack(0x0000000017150000,0x0000000017250000)]
  0x0000000016b9e800 JavaThread "pool-3-thread-1" [_thread_blocked, id=98568, stack(0x0000000017050000,0x0000000017150000)]
  0x0000000016c1f800 JavaThread "pool-2-thread-1" [_thread_in_vm, id=98824, stack(0x0000000016f50000,0x0000000017050000)]
  0x000000001696e800 JavaThread "Service Thread" daemon [_thread_blocked, id=98812, stack(0x0000000016d50000,0x0000000016e50000)]
  0x000000001510f000 JavaThread "C1 CompilerThread2" daemon [_thread_blocked, id=98584, stack(0x0000000016850000,0x0000000016950000)]
  0x00000000150ec800 JavaThread "C2 CompilerThread1" daemon [_thread_blocked, id=98388, stack(0x0000000016750000,0x0000000016850000)]
=>0x00000000150eb000 JavaThread "C2 CompilerThread0" daemon [_thread_in_native, id=79496, stack(0x0000000016650000,0x0000000016750000)]
  0x00000000150e9000 JavaThread "Attach Listener" daemon [_thread_blocked, id=98404, stack(0x0000000016550000,0x0000000016650000)]
  0x00000000150e8000 JavaThread "Signal Dispatcher" daemon [_thread_blocked, id=98172, stack(0x0000000016450000,0x0000000016550000)]
  0x0000000002a16800 JavaThread "Finalizer" daemon [_thread_blocked, id=98916, stack(0x0000000016350000,0x0000000016450000)]
  0x00000000150b9800 JavaThread "Reference Handler" daemon [_thread_blocked, id=98268, stack(0x0000000016250000,0x0000000016350000)]
  0x000000000267e000 JavaThread "main" [_thread_in_vm, id=99128, stack(0x0000000002820000,0x0000000002920000)]

Other Threads:
  0x00000000150b7000 VMThread [stack: 0x0000000016150000,0x0000000016250000] [id=98856]
  0x000000001696f000 WatcherThread [stack: 0x0000000016e50000,0x0000000016f50000] [id=98592]

VM state:synchronizing (normal execution)

VM Mutex/Monitor currently owned by a thread:  ([mutex/lock_event])
[0x000000000267d4c0] Safepoint_lock - owner thread: 0x00000000150b7000
[0x000000000267d7c0] Threads_lock - owner thread: 0x00000000150b7000
[0x0000000002920350] CompiledIC_lock - owner thread: 0x0000000016bb4000

Heap:
 PSYoungGen      total 18944K, used 12470K [0x00000000eab00000, 0x00000000ed000000, 0x0000000100000000)
  eden space 16384K, 60% used [0x00000000eab00000,0x00000000eb4b2f70,0x00000000ebb00000)
  from space 2560K, 99% used [0x00000000ebb00000,0x00000000ebd7aaa8,0x00000000ebd80000)
  to   space 2560K, 0% used [0x00000000ecd80000,0x00000000ecd80000,0x00000000ed000000)
 ParOldGen       total 44032K, used 1525K [0x00000000c0000000, 0x00000000c2b00000, 0x00000000eab00000)
  object space 44032K, 3% used [0x00000000c0000000,0x00000000c017d5a8,0x00000000c2b00000)
 Metaspace       used 5914K, capacity 6896K, committed 7040K, reserved 1056768K
  class space    used 589K, capacity 616K, committed 640K, reserved 1048576K

Card table byte_map: [0x0000000011de0000,0x0000000011ff0000] byte_map_base: 0x00000000117e0000

Marking Bits: (ParMarkBitMap*) 0x0000000058574040
 Begin Bits: [0x0000000012550000, 0x0000000013550000)
 End Bits:   [0x0000000013550000, 0x0000000014550000)

Polling page: 0x0000000002610000

CodeCache: size=245760Kb used=4618Kb max_used=4618Kb free=241141Kb
 bounds [0x0000000002a20000, 0x0000000002eb0000, 0x0000000011a20000]
 total_blobs=1446 nmethods=1177 adapters=182
 compilation: enabled

Compilation events (10 events):
Event: 2.165 Thread 0x000000001510f000 nmethod 1182 0x0000000002ea3790 code [0x0000000002ea38e0, 0x0000000002ea3a90]
Event: 2.166 Thread 0x000000001510f000 1183       3       com.android.dx.ssa.back.FirstFitLocalCombiningAllocator::handleUnassociatedParameters (60 bytes)
Event: 2.167 Thread 0x000000001510f000 nmethod 1183 0x0000000002ea3b50 code [0x0000000002ea3d00, 0x0000000002ea43b8]
Event: 2.167 Thread 0x000000001510f000 1184       3       com.android.dx.ssa.back.FirstFitLocalCombiningAllocator::handleNormalUnassociated (99 bytes)
Event: 2.169 Thread 0x000000001510f000 nmethod 1184 0x0000000002ea4650 code [0x0000000002ea4900, 0x0000000002ea5cb8]
Event: 2.169 Thread 0x000000001510f000 1185       1       com.android.dx.ssa.back.FirstFitLocalCombiningAllocator::wantsParamsMovedHigh (2 bytes)
Event: 2.169 Thread 0x000000001510f000 nmethod 1185 0x0000000002ea6750 code [0x0000000002ea68a0, 0x0000000002ea69b0]
Event: 2.169 Thread 0x000000001510f000 1186       3       com.android.dx.ssa.BasicRegisterMapper::<init> (17 bytes)
Event: 2.170 Thread 0x000000001510f000 nmethod 1186 0x0000000002ea6a10 code [0x0000000002ea6b80, 0x0000000002ea6e48]
Event: 2.170 Thread 0x000000001510f000 1187       3       com.android.dx.ssa.back.SsaToRop::convertBasicBlocks (151 bytes)

GC Heap History (2 events):
Event: 1.362 GC heap before
{Heap before GC invocations=1 (full 0):
 PSYoungGen      total 18944K, used 16384K [0x00000000eab00000, 0x00000000ec000000, 0x0000000100000000)
  eden space 16384K, 100% used [0x00000000eab00000,0x00000000ebb00000,0x00000000ebb00000)
  from space 2560K, 0% used [0x00000000ebd80000,0x00000000ebd80000,0x00000000ec000000)
  to   space 2560K, 0% used [0x00000000ebb00000,0x00000000ebb00000,0x00000000ebd80000)
 ParOldGen       total 44032K, used 0K [0x00000000c0000000, 0x00000000c2b00000, 0x00000000eab00000)
  object space 44032K, 0% used [0x00000000c0000000,0x00000000c0000000,0x00000000c2b00000)
 Metaspace       used 5670K, capacity 6704K, committed 6784K, reserved 1056768K
  class space    used 588K, capacity 616K, committed 640K, reserved 1048576K
Event: 1.393 GC heap after
Heap after GC invocations=1 (full 0):
 PSYoungGen      total 18944K, used 2538K [0x00000000eab00000, 0x00000000ed000000, 0x0000000100000000)
  eden space 16384K, 0% used [0x00000000eab00000,0x00000000eab00000,0x00000000ebb00000)
  from space 2560K, 99% used [0x00000000ebb00000,0x00000000ebd7aaa8,0x00000000ebd80000)
  to   space 2560K, 0% used [0x00000000ecd80000,0x00000000ecd80000,0x00000000ed000000)
 ParOldGen       total 44032K, used 1525K [0x00000000c0000000, 0x00000000c2b00000, 0x00000000eab00000)
  object space 44032K, 3% used [0x00000000c0000000,0x00000000c017d5a8,0x00000000c2b00000)
 Metaspace       used 5670K, capacity 6704K, committed 6784K, reserved 1056768K
  class space    used 588K, capacity 616K, committed 640K, reserved 1048576K
}

Deoptimization events (3 events):
Event: 0.953 Thread 0x0000000016bb6000 Uncommon trap: reason=unstable_if action=reinterpret pc=0x0000000002c505f0 method=java.util.BitSet.nextSetBit(I)I @ 87
Event: 1.541 Thread 0x0000000016bc7000 Uncommon trap: reason=unstable_if action=reinterpret pc=0x0000000002c693f4 method=java.util.BitSet.ensureCapacity(I)V @ 6
Event: 1.868 Thread 0x0000000016bc7000 Uncommon trap: reason=unstable_if action=reinterpret pc=0x0000000002cd279c method=com.android.dx.rop.cst.Constant.compareTo(Lcom/android/dx/rop/cst/Constant;)I @ 12

Internal exceptions (2 events):
Event: 0.047 Thread 0x000000000267e000 Exception <a 'java/lang/NoSuchMethodError': Method sun.misc.Unsafe.defineClass(Ljava/lang/String;[BII)Ljava/lang/Class; name or signature does not match> (0x00000000eab0d7f0) thrown at [C:\re\workspace\8-2-build-windows-amd64-cygwin\jdk8u51\3951\hotspot\srª$¯¾ ¨?
Event: 0.047 Thread 0x000000000267e000 Exception <a 'java/lang/NoSuchMethodError': Method sun.misc.Unsafe.prefetchRead(Ljava/lang/Object;J)V name or signature does not match> (0x00000000eab0da80) thrown at [C:\re\workspace\8-2-build-windows-amd64-cygwin\jdk8u51\3951\hotspot\src\share\vm\prims\j

Events (10 events):
Event: 1.541 Thread 0x0000000016bc7000 DEOPT PACKING pc=0x0000000002c693f4 sp=0x000000001744eb30
Event: 1.541 Thread 0x0000000016bc7000 DEOPT UNPACKING pc=0x0000000002a6582a sp=0x000000001744ea18 mode 2
Event: 1.821 loading class com/android/dx/cf/attrib/AttRuntimeInvisibleParameterAnnotations
Event: 1.821 loading class com/android/dx/cf/attrib/AttRuntimeInvisibleParameterAnnotations done
Event: 1.821 loading class com/android/dx/cf/attrib/BaseParameterAnnotations
Event: 1.821 loading class com/android/dx/cf/attrib/BaseParameterAnnotations done
Event: 1.868 Thread 0x0000000016bc7000 Uncommon trap: trap_request=0xffffff65 fr.pc=0x0000000002cd279c
Event: 1.868 Thread 0x0000000016bc7000 DEOPT PACKING pc=0x0000000002cd279c sp=0x000000001744e7a0
Event: 1.868 Thread 0x0000000016bc7000 DEOPT UNPACKING pc=0x0000000002a6582a sp=0x000000001744e740 mode 2
Event: 2.171 Executing VM operation: ForceSafepoint


Dynamic libraries:
0x00007ff660970000 - 0x00007ff6609a7000 	C:\Program Files\Java\jdk1.8.0_51\bin\java.exe
0x00007ff84bd20000 - 0x00007ff84bee1000 	C:\WINDOWS\SYSTEM32\ntdll.dll
0x00007ff84b4f0000 - 0x00007ff84b59d000 	C:\WINDOWS\system32\KERNEL32.DLL
0x00007ff848f30000 - 0x00007ff849118000 	C:\WINDOWS\system32\KERNELBASE.dll
0x00007ff84b700000 - 0x00007ff84b7a7000 	C:\WINDOWS\system32\ADVAPI32.dll
0x00007ff849430000 - 0x00007ff8494cd000 	C:\WINDOWS\system32\msvcrt.dll
0x00007ff84af30000 - 0x00007ff84af8b000 	C:\WINDOWS\system32\sechost.dll
0x00007ff84b210000 - 0x00007ff84b32c000 	C:\WINDOWS\system32\RPCRT4.dll
0x00007ff84bbc0000 - 0x00007ff84bd16000 	C:\WINDOWS\system32\USER32.dll
0x00007ff8491d0000 - 0x00007ff849356000 	C:\WINDOWS\system32\GDI32.dll
0x00007ff83e860000 - 0x00007ff83ead4000 	C:\WINDOWS\WinSxS\amd64_microsoft.windows.common-controls_6595b64144ccf1df_6.0.10586.0_none_8c15ae12515e1c22\COMCTL32.dll
0x00007ff84af90000 - 0x00007ff84b20d000 	C:\WINDOWS\system32\combase.dll
0x00007ff848d00000 - 0x00007ff848d6a000 	C:\WINDOWS\system32\bcryptPrimitives.dll
0x00007ff84b840000 - 0x00007ff84b87b000 	C:\WINDOWS\system32\IMM32.DLL
0x0000000056410000 - 0x00000000564e2000 	C:\Program Files\Java\jdk1.8.0_51\jre\bin\msvcr100.dll
0x0000000057d70000 - 0x00000000585f3000 	C:\Program Files\Java\jdk1.8.0_51\jre\bin\server\jvm.dll
0x00007ff84b830000 - 0x00007ff84b838000 	C:\WINDOWS\system32\PSAPI.DLL
0x00007ff844460000 - 0x00007ff84446a000 	C:\WINDOWS\SYSTEM32\VERSION.dll
0x00007ff846bb0000 - 0x00007ff846bd3000 	C:\WINDOWS\SYSTEM32\WINMM.dll
0x00007ff846b80000 - 0x00007ff846bac000 	C:\WINDOWS\SYSTEM32\WINMMBASE.dll
0x00007ff848e30000 - 0x00007ff848e73000 	C:\WINDOWS\system32\cfgmgr32.dll
0x00007ff846c30000 - 0x00007ff846c39000 	C:\WINDOWS\SYSTEM32\WSOCK32.dll
0x00007ff8494d0000 - 0x00007ff84953b000 	C:\WINDOWS\system32\WS2_32.dll
0x0000000057110000 - 0x000000005711f000 	C:\Program Files\Java\jdk1.8.0_51\jre\bin\verify.dll
0x00000000570e0000 - 0x0000000057109000 	C:\Program Files\Java\jdk1.8.0_51\jre\bin\java.dll
0x00000000570c0000 - 0x00000000570d6000 	C:\Program Files\Java\jdk1.8.0_51\jre\bin\zip.dll
0x00007ff849970000 - 0x00007ff84aecc000 	C:\WINDOWS\system32\SHELL32.dll
0x00007ff8486b0000 - 0x00007ff848cf4000 	C:\WINDOWS\system32\windows.storage.dll
0x00007ff84aed0000 - 0x00007ff84af22000 	C:\WINDOWS\system32\shlwapi.dll
0x00007ff8483b0000 - 0x00007ff8483bf000 	C:\WINDOWS\system32\kernel.appcore.dll
0x00007ff848d70000 - 0x00007ff848e25000 	C:\WINDOWS\system32\shcore.dll
0x00007ff848360000 - 0x00007ff8483ab000 	C:\WINDOWS\system32\powrprof.dll
0x00007ff848340000 - 0x00007ff848354000 	C:\WINDOWS\system32\profapi.dll

VM Arguments:
jvm_args: -Djava.awt.headless=true -Xmx1024M -Dfile.encoding=windows-1252 -Duser.country=IN -Duser.language=en -Duser.variant 
java_command: com.android.dx.command.Main --dex --force-jumbo --num-threads=4 --multi-dex --output F:\Android_Projects\SunshineUdacity\app\build\intermediates\transforms\dex\debug\folders\1000\10\com.android.support-recyclerview-v7-23.3.0_509ee0a46c3b507c71e122c6f6dced06b09122c2 F:\Android_Projects\SunshineUdacity\app\build\intermediates\exploded-aar\com.android.support\recyclerview-v7\23.3.0\jars\classes.jar
java_class_path (initial): C:\Users\Ganesh Prasad\AppData\Local\Android\sdk\build-tools\23.0.3\lib\dx.jar
Launcher Type: SUN_STANDARD

Environment Variables:
JAVA_HOME=C:\Program Files\Java\jdk1.8.0_51
PATH=C:\ProgramData\Oracle\Java\javapath;C:\Program Files (x86)\Intel\iCLS Client\;C:\Program Files\Intel\iCLS Client\;C:\Program Files (x86)\AMD APP\bin\x86_64;C:\Program Files (x86)\AMD APP\bin\x86;C:\WINDOWS\system32;C:\WINDOWS;C:\WINDOWS\System32\Wbem;C:\WINDOWS\System32\WindowsPowerShell\v1.0\;C:\Program Files (x86)\ATI Technologies\ATI.ACE\Core-Static;C:\Program Files\Intel\Intel(R) Management Engine Components\DAL;C:\Program Files\Intel\Intel(R) Management Engine Components\IPT;C:\Program Files (x86)\Intel\Intel(R) Management Engine Components\DAL;C:\Program Files (x86)\Intel\Intel(R) Management Engine Components\IPT;\;C:\Program Files (x86)\Sony\VAIO Startup Setting Tool;C:\Program Files (x86)\Brackets\command;C:\Program Files (x86)\Java\jdk1.8.0_45\bin;C:\Program Files\nodejs\;C:\Users\Ganesh Prasad\AppData\Local\GitHub\PortableGit_c7e0cbde92ba565cb218a521411d0e854079a28c\bin;C:\Users\Ganesh Prasad\AppData\Local\GitHub\PortableGit_c7e0cbde92ba565cb218a521411d0e854079a28c\cmd;C:\Users\Ganesh Prasad\Anaconda2;C:\Users\Ganesh Prasad\Anaconda2\Scripts;C:\Users\Ganesh Prasad\Anaconda2\Library\bin;C:\Users\Ganesh Prasad\AppData\Roaming\npm
USERNAME=Ganesh Prasad
OS=Windows_NT
PROCESSOR_IDENTIFIER=Intel64 Family 6 Model 58 Stepping 9, GenuineIntel



---------------  S Y S T E M  ---------------

OS: Windows 10.0 , 64 bit Build 10586 (10.0.10586.0)

CPU:total 4 (2 cores per cpu, 2 threads per core) family 6 model 58 stepping 9, cmov, cx8, fxsr, mmx, sse, sse2, sse3, ssse3, sse4.1, sse4.2, popcnt, avx, clmul, erms, ht, tsc, tscinvbit, tscinv

Memory: 4k page, physical 4140316k(456328k free), swap 5574940k(2436k free)

vm_info: Java HotSpot(TM) 64-Bit Server VM (25.51-b03) for windows-amd64 JRE (1.8.0_51-b16), built on Jun  8 2015 18:03:07 by "java_re" with MS VC++ 10.0 (VS2010)

time: Mon Jun 20 12:56:44 2016
elapsed time: 2 seconds (0d 0h 0m 2s)

