#
# There is insufficient memory for the Java Runtime Environment to continue.
# Native memory allocation (malloc) failed to allocate 1056496 bytes for Chunk::new
# Possible reasons:
#   The system is out of physical RAM or swap space
#   In 32 bit mode, the process size limit was hit
# Possible solutions:
#   Reduce memory load on the system
#   Increase physical memory or swap space
#   Check if swap backing store is full
#   Use 64 bit Java on a 64 bit OS
#   Decrease Java heap size (-Xmx/-Xms)
#   Decrease number of Java threads
#   Decrease Java thread stack sizes (-Xss)
#   Set larger code cache with -XX:ReservedCodeCacheSize=
# This output file may be truncated or incomplete.
#
#  Out of Memory Error (allocation.cpp:390), pid=99208, tid=96520
#
# JRE version: Java(TM) SE Runtime Environment (8.0_51-b16) (build 1.8.0_51-b16)
# Java VM: Java HotSpot(TM) 64-Bit Server VM (25.51-b03 mixed mode windows-amd64 compressed oops)
# Failed to write core dump. Minidumps are not enabled by default on client versions of Windows
#

---------------  T H R E A D  ---------------

Current thread (0x0000000014dec000):  JavaThread "C2 CompilerThread0" daemon [_thread_in_native, id=96520, stack(0x0000000016370000,0x0000000016470000)]

Stack: [0x0000000016370000,0x0000000016470000]
Native frames: (J=compiled Java code, j=interpreted, Vv=VM code, C=native code)
V  [jvm.dll+0x32b4ca]
V  [jvm.dll+0x2797e3]
V  [jvm.dll+0x27a479]
V  [jvm.dll+0x271765]
V  [jvm.dll+0xcba02]
V  [jvm.dll+0xcbecc]
V  [jvm.dll+0x492a7c]
V  [jvm.dll+0x45f98a]
V  [jvm.dll+0x46a7cb]
V  [jvm.dll+0x46cde2]
V  [jvm.dll+0x4501a2]
V  [jvm.dll+0xa43a2]
V  [jvm.dll+0xa4cdf]
V  [jvm.dll+0x2418a4]
V  [jvm.dll+0x29846a]
C  [msvcr100.dll+0x21d9f]
C  [msvcr100.dll+0x21e3b]
C  [KERNEL32.DLL+0x18102]
C  [ntdll.dll+0x5c5b4]


Current CompileTask:
C2:   8011 1892       4       com.android.dx.ssa.SsaConverter::placePhiFunctions (394 bytes)


---------------  P R O C E S S  ---------------

Java Threads: ( => current thread )
  0x00000000167c5000 JavaThread "pool-2-thread-4" [_thread_in_Java, id=98672, stack(0x0000000017870000,0x0000000017970000)]
  0x00000000167c3800 JavaThread "pool-2-thread-3" [_thread_in_vm, id=99144, stack(0x0000000017770000,0x0000000017870000)]
  0x00000000167c2800 JavaThread "pool-2-thread-2" [_thread_blocked, id=97392, stack(0x0000000017670000,0x0000000017770000)]
  0x0000000016859000 JavaThread "pool-3-thread-1" [_thread_blocked, id=98500, stack(0x0000000017570000,0x0000000017670000)]
  0x000000001684f000 JavaThread "pool-2-thread-1" [_thread_in_vm, id=99176, stack(0x0000000017470000,0x0000000017570000)]
  0x0000000014e4e000 JavaThread "Service Thread" daemon [_thread_blocked, id=98652, stack(0x0000000016a70000,0x0000000016b70000)]
  0x0000000016578800 JavaThread "C1 CompilerThread2" daemon [_thread_blocked, id=99272, stack(0x0000000016970000,0x0000000016a70000)]
  0x0000000014df1000 JavaThread "C2 CompilerThread1" daemon [_thread_in_native, id=98288, stack(0x0000000016470000,0x0000000016570000)]
=>0x0000000014dec000 JavaThread "C2 CompilerThread0" daemon [_thread_in_native, id=96520, stack(0x0000000016370000,0x0000000016470000)]
  0x0000000014dea000 JavaThread "Attach Listener" daemon [_thread_blocked, id=97296, stack(0x0000000016270000,0x0000000016370000)]
  0x0000000014de9800 JavaThread "Signal Dispatcher" daemon [_thread_blocked, id=97580, stack(0x0000000016170000,0x0000000016270000)]
  0x0000000002710800 JavaThread "Finalizer" daemon [_thread_blocked, id=98368, stack(0x0000000016070000,0x0000000016170000)]
  0x000000000270d800 JavaThread "Reference Handler" daemon [_thread_blocked, id=99300, stack(0x0000000015f70000,0x0000000016070000)]
  0x00000000025ce000 JavaThread "main" [_thread_blocked, id=97932, stack(0x0000000002490000,0x0000000002590000)]

Other Threads:
  0x0000000014db7800 VMThread [stack: 0x0000000015e70000,0x0000000015f70000] [id=99320]
  0x0000000016589000 WatcherThread [stack: 0x0000000016b70000,0x0000000016c70000] [id=98408]

VM state:synchronizing (normal execution)

VM Mutex/Monitor currently owned by a thread:  ([mutex/lock_event])
[0x00000000025cd5a0] Safepoint_lock - owner thread: 0x0000000014db7800
[0x00000000025cd620] Threads_lock - owner thread: 0x0000000014db7800

Heap:
 PSYoungGen      total 68096K, used 33626K [0x00000000eab00000, 0x00000000ef000000, 0x0000000100000000)
  eden space 65536K, 47% used [0x00000000eab00000,0x00000000ec956f68,0x00000000eeb00000)
  from space 2560K, 99% used [0x00000000eed80000,0x00000000eefff8b0,0x00000000ef000000)
  to   space 2560K, 0% used [0x00000000eeb00000,0x00000000eeb00000,0x00000000eed80000)
 ParOldGen       total 44032K, used 13519K [0x00000000c0000000, 0x00000000c2b00000, 0x00000000eab00000)
  object space 44032K, 30% used [0x00000000c0000000,0x00000000c0d33fc0,0x00000000c2b00000)
 Metaspace       used 6265K, capacity 7152K, committed 7296K, reserved 1056768K
  class space    used 595K, capacity 616K, committed 640K, reserved 1048576K

Card table byte_map: [0x0000000011ae0000,0x0000000011cf0000] byte_map_base: 0x00000000114e0000

Marking Bits: (ParMarkBitMap*) 0x0000000058574040
 Begin Bits: [0x0000000012250000, 0x0000000013250000)
 End Bits:   [0x0000000013250000, 0x0000000014250000)

Polling page: 0x0000000000ca0000

CodeCache: size=245760Kb used=7947Kb max_used=7951Kb free=237812Kb
 bounds [0x0000000002720000, 0x0000000002ef0000, 0x0000000011720000]
 total_blobs=2103 nmethods=1831 adapters=185
 compilation: enabled

Compilation events (10 events):
Event: 7.605 Thread 0x0000000014dec000 nmethod 1829 0x0000000002edc410 code [0x0000000002edcec0, 0x0000000002eded30]
Event: 7.605 Thread 0x0000000014dec000 1828       4       com.android.dx.rop.cst.CstLiteral32::equals (35 bytes)
Event: 7.606 Thread 0x0000000014dec000 nmethod 1828 0x0000000002ea1d90 code [0x0000000002ea1ec0, 0x0000000002ea1f98]
Event: 7.613 Thread 0x0000000016578800 1889       3       java.util.zip.ZipFile$ZipFileInputStream::<init> (41 bytes)
Event: 7.613 Thread 0x0000000016578800 nmethod 1889 0x0000000002edbcd0 code [0x0000000002edbe60, 0x0000000002edc1f8]
Event: 7.614 Thread 0x0000000016578800 1890   !   3       java.util.zip.ZipFile::getInflater (56 bytes)
Event: 7.615 Thread 0x0000000016578800 nmethod 1890 0x0000000002eda8d0 code [0x0000000002edaac0, 0x0000000002edb678]
Event: 7.615 Thread 0x0000000016578800 1891       3       java.util.zip.InflaterInputStream::<init> (79 bytes)
Event: 7.615 Thread 0x0000000016578800 nmethod 1891 0x0000000002ea0490 code [0x0000000002ea0640, 0x0000000002ea0d18]
Event: 7.617 Thread 0x0000000014dec000 1892       4       com.android.dx.ssa.SsaConverter::placePhiFunctions (394 bytes)

GC Heap History (8 events):
Event: 1.372 GC heap before
{Heap before GC invocations=1 (full 0):
 PSYoungGen      total 18944K, used 16384K [0x00000000eab00000, 0x00000000ec000000, 0x0000000100000000)
  eden space 16384K, 100% used [0x00000000eab00000,0x00000000ebb00000,0x00000000ebb00000)
  from space 2560K, 0% used [0x00000000ebd80000,0x00000000ebd80000,0x00000000ec000000)
  to   space 2560K, 0% used [0x00000000ebb00000,0x00000000ebb00000,0x00000000ebd80000)
 ParOldGen       total 44032K, used 136K [0x00000000c0000000, 0x00000000c2b00000, 0x00000000eab00000)
  object space 44032K, 0% used [0x00000000c0000000,0x00000000c0022250,0x00000000c2b00000)
 Metaspace       used 5685K, capacity 6640K, committed 6784K, reserved 1056768K
  class space    used 586K, capacity 616K, committed 640K, reserved 1048576K
Event: 1.396 GC heap after
Heap after GC invocations=1 (full 0):
 PSYoungGen      total 18944K, used 2535K [0x00000000eab00000, 0x00000000ed000000, 0x0000000100000000)
  eden space 16384K, 0% used [0x00000000eab00000,0x00000000eab00000,0x00000000ebb00000)
  from space 2560K, 99% used [0x00000000ebb00000,0x00000000ebd79c88,0x00000000ebd80000)
  to   space 2560K, 0% used [0x00000000ecd80000,0x00000000ecd80000,0x00000000ed000000)
 ParOldGen       total 44032K, used 1567K [0x00000000c0000000, 0x00000000c2b00000, 0x00000000eab00000)
  object space 44032K, 3% used [0x00000000c0000000,0x00000000c0187fc8,0x00000000c2b00000)
 Metaspace       used 5685K, capacity 6640K, committed 6784K, reserved 1056768K
  class space    used 586K, capacity 616K, committed 640K, reserved 1048576K
}
Event: 2.111 GC heap before
{Heap before GC invocations=2 (full 0):
 PSYoungGen      total 18944K, used 18919K [0x00000000eab00000, 0x00000000ed000000, 0x0000000100000000)
  eden space 16384K, 100% used [0x00000000eab00000,0x00000000ebb00000,0x00000000ebb00000)
  from space 2560K, 99% used [0x00000000ebb00000,0x00000000ebd79c88,0x00000000ebd80000)
  to   space 2560K, 0% used [0x00000000ecd80000,0x00000000ecd80000,0x00000000ed000000)
 ParOldGen       total 44032K, used 1569K [0x00000000c0000000, 0x00000000c2b00000, 0x00000000eab00000)
  object space 44032K, 3% used [0x00000000c0000000,0x00000000c0188608,0x00000000c2b00000)
 Metaspace       used 5985K, capacity 6896K, committed 7040K, reserved 1056768K
  class space    used 592K, capacity 616K, committed 640K, reserved 1048576K
Event: 2.217 GC heap after
Heap after GC invocations=2 (full 0):
 PSYoungGen      total 35328K, used 2544K [0x00000000eab00000, 0x00000000ed000000, 0x0000000100000000)
  eden space 32768K, 0% used [0x00000000eab00000,0x00000000eab00000,0x00000000ecb00000)
  from space 2560K, 99% used [0x00000000ecd80000,0x00000000ecffc1c8,0x00000000ed000000)
  to   space 2560K, 0% used [0x00000000ecb00000,0x00000000ecb00000,0x00000000ecd80000)
 ParOldGen       total 44032K, used 3843K [0x00000000c0000000, 0x00000000c2b00000, 0x00000000eab00000)
  object space 44032K, 8% used [0x00000000c0000000,0x00000000c03c0f48,0x00000000c2b00000)
 Metaspace       used 5985K, capacity 6896K, committed 7040K, reserved 1056768K
  class space    used 592K, capacity 616K, committed 640K, reserved 1048576K
}
Event: 3.553 GC heap before
{Heap before GC invocations=3 (full 0):
 PSYoungGen      total 35328K, used 35312K [0x00000000eab00000, 0x00000000ed000000, 0x0000000100000000)
  eden space 32768K, 100% used [0x00000000eab00000,0x00000000ecb00000,0x00000000ecb00000)
  from space 2560K, 99% used [0x00000000ecd80000,0x00000000ecffc1c8,0x00000000ed000000)
  to   space 2560K, 0% used [0x00000000ecb00000,0x00000000ecb00000,0x00000000ecd80000)
 ParOldGen       total 44032K, used 3843K [0x00000000c0000000, 0x00000000c2b00000, 0x00000000eab00000)
  object space 44032K, 8% used [0x00000000c0000000,0x00000000c03c0f48,0x00000000c2b00000)
 Metaspace       used 6144K, capacity 7024K, committed 7296K, reserved 1056768K
  class space    used 594K, capacity 616K, committed 640K, reserved 1048576K
Event: 3.766 GC heap after
Heap after GC invocations=3 (full 0):
 PSYoungGen      total 35328K, used 2542K [0x00000000eab00000, 0x00000000ef000000, 0x0000000100000000)
  eden space 32768K, 0% used [0x00000000eab00000,0x00000000eab00000,0x00000000ecb00000)
  from space 2560K, 99% used [0x00000000ecb00000,0x00000000ecd7ba50,0x00000000ecd80000)
  to   space 2560K, 0% used [0x00000000eed80000,0x00000000eed80000,0x00000000ef000000)
 ParOldGen       total 44032K, used 8926K [0x00000000c0000000, 0x00000000c2b00000, 0x00000000eab00000)
  object space 44032K, 20% used [0x00000000c0000000,0x00000000c08b7b50,0x00000000c2b00000)
 Metaspace       used 6144K, capacity 7024K, committed 7296K, reserved 1056768K
  class space    used 594K, capacity 616K, committed 640K, reserved 1048576K
}
Event: 4.724 GC heap before
{Heap before GC invocations=4 (full 0):
 PSYoungGen      total 35328K, used 35310K [0x00000000eab00000, 0x00000000ef000000, 0x0000000100000000)
  eden space 32768K, 100% used [0x00000000eab00000,0x00000000ecb00000,0x00000000ecb00000)
  from space 2560K, 99% used [0x00000000ecb00000,0x00000000ecd7ba50,0x00000000ecd80000)
  to   space 2560K, 0% used [0x00000000eed80000,0x00000000eed80000,0x00000000ef000000)
 ParOldGen       total 44032K, used 8926K [0x00000000c0000000, 0x00000000c2b00000, 0x00000000eab00000)
  object space 44032K, 20% used [0x00000000c0000000,0x00000000c08b7b50,0x00000000c2b00000)
 Metaspace       used 6217K, capacity 7088K, committed 7296K, reserved 1056768K
  class space    used 594K, capacity 616K, committed 640K, reserved 1048576K
Event: 4.747 GC heap after
Heap after GC invocations=4 (full 0):
 PSYoungGen      total 68096K, used 2558K [0x00000000eab00000, 0x00000000ef000000, 0x0000000100000000)
  eden space 65536K, 0% used [0x00000000eab00000,0x00000000eab00000,0x00000000eeb00000)
  from space 2560K, 99% used [0x00000000eed80000,0x00000000eefff8b0,0x00000000ef000000)
  to   space 2560K, 0% used [0x00000000eeb00000,0x00000000eeb00000,0x00000000eed80000)
 ParOldGen       total 44032K, used 13519K [0x00000000c0000000, 0x00000000c2b00000, 0x00000000eab00000)
  object space 44032K, 30% used [0x00000000c0000000,0x00000000c0d33fc0,0x00000000c2b00000)
 Metaspace       used 6217K, capacity 7088K, committed 7296K, reserved 1056768K
  class space    used 594K, capacity 616K, committed 640K, reserved 1048576K
}

Deoptimization events (10 events):
Event: 4.037 Thread 0x000000001684f000 Uncommon trap: reason=bimorphic action=maybe_recompile pc=0x0000000002cd2bac method=com.android.dx.cf.code.BytecodeArray.parseInstruction(ILcom/android/dx/cf/code/BytecodeArray$Visitor;)I @ 939
Event: 4.058 Thread 0x00000000167c2800 Uncommon trap: reason=bimorphic action=maybe_recompile pc=0x0000000002c50de0 method=com.android.dx.ssa.LiteralOpUpgrader.tryReplacingWithConstant(Lcom/android/dx/ssa/NormalSsaInsn;)Z @ 52
Event: 4.125 Thread 0x000000001684f000 Uncommon trap: reason=unstable_if action=reinterpret pc=0x0000000002cb0ae4 method=com.android.dx.ssa.SCCP.simulateStmt(Lcom/android/dx/ssa/SsaInsn;)V @ 59
Event: 4.670 Thread 0x000000001684f000 Uncommon trap: reason=bimorphic action=maybe_recompile pc=0x0000000002dd3f4c method=com.android.dx.cf.code.BytecodeArray.parseInstruction(ILcom/android/dx/cf/code/BytecodeArray$Visitor;)I @ 971
Event: 4.671 Thread 0x000000001684f000 Uncommon trap: reason=bimorphic action=maybe_recompile pc=0x0000000002dd363c method=com.android.dx.cf.code.BytecodeArray.parseInstruction(ILcom/android/dx/cf/code/BytecodeArray$Visitor;)I @ 1597
Event: 4.671 Thread 0x000000001684f000 Uncommon trap: reason=bimorphic action=maybe_recompile pc=0x0000000002dd3f4c method=com.android.dx.cf.code.BytecodeArray.parseInstruction(ILcom/android/dx/cf/code/BytecodeArray$Visitor;)I @ 971
Event: 6.867 Thread 0x000000001684f000 Uncommon trap: reason=unstable_if action=reinterpret pc=0x0000000002e69c0c method=com.android.dx.cf.code.LocalVariableList$Item.matchesPcAndIndex(II)Z @ 13
Event: 6.899 Thread 0x000000001684f000 Uncommon trap: reason=unstable_if action=reinterpret pc=0x0000000002dbe140 method=com.android.dx.rop.code.LocalItem.compareHandlesNulls(Lcom/android/dx/rop/cst/CstString;Lcom/android/dx/rop/cst/CstString;)I @ 14
Event: 6.900 Thread 0x000000001684f000 Uncommon trap: reason=unstable_if action=reinterpret pc=0x0000000002c7ecdc method=com.android.dx.rop.code.LocalItem.compareHandlesNulls(Lcom/android/dx/rop/cst/CstString;Lcom/android/dx/rop/cst/CstString;)I @ 14
Event: 6.900 Thread 0x000000001684f000 Uncommon trap: reason=unstable_if action=reinterpret pc=0x0000000002e18af8 method=com.android.dx.rop.code.LocalItem.compareHandlesNulls(Lcom/android/dx/rop/cst/CstString;Lcom/android/dx/rop/cst/CstString;)I @ 14

Internal exceptions (6 events):
Event: 0.119 Thread 0x00000000025ce000 Exception <a 'java/lang/NoSuchMethodError': Method sun.misc.Unsafe.defineClass(Ljava/lang/String;[BII)Ljava/lang/Class; name or signature does not match> (0x00000000eab0da80) thrown at [C:\re\workspace\8-2-build-windows-amd64-cygwin\jdk8u51\3951\hotspot\sre`9ëêàæ?
Event: 0.119 Thread 0x00000000025ce000 Exception <a 'java/lang/NoSuchMethodError': Method sun.misc.Unsafe.prefetchRead(Ljava/lang/Object;J)V name or signature does not match> (0x00000000eab0dd10) thrown at [C:\re\workspace\8-2-build-windows-amd64-cygwin\jdk8u51\3951\hotspot\src\share\vm\prims\jºNÛ·4V˛?
Event: 1.896 Thread 0x00000000025ce000 Implicit null exception at 0x0000000002a8c9a7 to 0x0000000002a8ed05
Event: 6.899 Thread 0x000000001684f000 Implicit null exception at 0x0000000002dbb5cb to 0x0000000002dbe0d9
Event: 6.900 Thread 0x000000001684f000 Implicit null exception at 0x0000000002c7da4f to 0x0000000002c7eca1
Event: 6.900 Thread 0x000000001684f000 Implicit null exception at 0x0000000002e16e52 to 0x0000000002e18a91

Events (10 events):
Event: 6.900 Thread 0x000000001684f000 Uncommon trap: trap_request=0xffffff65 fr.pc=0x0000000002c7ecdc
Event: 6.900 Thread 0x000000001684f000 DEOPT PACKING pc=0x0000000002c7ecdc sp=0x000000001756ea90
Event: 6.900 Thread 0x000000001684f000 DEOPT UNPACKING pc=0x000000000276582a sp=0x000000001756e818 mode 2
Event: 6.900 Thread 0x000000001684f000 Uncommon trap: trap_request=0xffffff65 fr.pc=0x0000000002e18af8
Event: 6.900 Thread 0x000000001684f000 DEOPT PACKING pc=0x0000000002e18af8 sp=0x000000001756ed40
Event: 6.900 Thread 0x000000001684f000 DEOPT UNPACKING pc=0x000000000276582a sp=0x000000001756eb70 mode 2
Event: 6.919 Thread 0x000000001684f000 DEOPT PACKING pc=0x0000000002ae29b7 sp=0x000000001756e660
Event: 6.919 Thread 0x000000001684f000 DEOPT UNPACKING pc=0x000000000276787f sp=0x000000001756e470 mode 0
Event: 7.037 Thread 0x00000000167c5000 DEOPT PACKING pc=0x0000000002b05b45 sp=0x000000001796e840
Event: 7.037 Thread 0x00000000167c5000 DEOPT UNPACKING pc=0x000000000276787f sp=0x000000001796e5a0 mode 0


Dynamic libraries:
0x00007ff660970000 - 0x00007ff6609a7000 	C:\Program Files\Java\jdk1.8.0_51\bin\java.exe
0x00007ff84bd20000 - 0x00007ff84bee1000 	C:\WINDOWS\SYSTEM32\ntdll.dll
0x00007ff84b4f0000 - 0x00007ff84b59d000 	C:\WINDOWS\system32\KERNEL32.DLL
0x00007ff848f30000 - 0x00007ff849118000 	C:\WINDOWS\system32\KERNELBASE.dll
0x00007ff84b700000 - 0x00007ff84b7a7000 	C:\WINDOWS\system32\ADVAPI32.dll
0x00007ff849430000 - 0x00007ff8494cd000 	C:\WINDOWS\system32\msvcrt.dll
0x00007ff84af30000 - 0x00007ff84af8b000 	C:\WINDOWS\system32\sechost.dll
0x00007ff84b210000 - 0x00007ff84b32c000 	C:\WINDOWS\system32\RPCRT4.dll
0x00007ff84bbc0000 - 0x00007ff84bd16000 	C:\WINDOWS\system32\USER32.dll
0x00007ff8491d0000 - 0x00007ff849356000 	C:\WINDOWS\system32\GDI32.dll
0x00007ff83e860000 - 0x00007ff83ead4000 	C:\WINDOWS\WinSxS\amd64_microsoft.windows.common-controls_6595b64144ccf1df_6.0.10586.0_none_8c15ae12515e1c22\COMCTL32.dll
0x00007ff84af90000 - 0x00007ff84b20d000 	C:\WINDOWS\system32\combase.dll
0x00007ff848d00000 - 0x00007ff848d6a000 	C:\WINDOWS\system32\bcryptPrimitives.dll
0x00007ff84b840000 - 0x00007ff84b87b000 	C:\WINDOWS\system32\IMM32.DLL
0x0000000056410000 - 0x00000000564e2000 	C:\Program Files\Java\jdk1.8.0_51\jre\bin\msvcr100.dll
0x0000000057d70000 - 0x00000000585f3000 	C:\Program Files\Java\jdk1.8.0_51\jre\bin\server\jvm.dll
0x00007ff84b830000 - 0x00007ff84b838000 	C:\WINDOWS\system32\PSAPI.DLL
0x00007ff846c30000 - 0x00007ff846c39000 	C:\WINDOWS\SYSTEM32\WSOCK32.dll
0x00007ff8494d0000 - 0x00007ff84953b000 	C:\WINDOWS\system32\WS2_32.dll
0x00007ff846bb0000 - 0x00007ff846bd3000 	C:\WINDOWS\SYSTEM32\WINMM.dll
0x00007ff844460000 - 0x00007ff84446a000 	C:\WINDOWS\SYSTEM32\VERSION.dll
0x00007ff846b80000 - 0x00007ff846bac000 	C:\WINDOWS\SYSTEM32\WINMMBASE.dll
0x00007ff848e30000 - 0x00007ff848e73000 	C:\WINDOWS\system32\cfgmgr32.dll
0x0000000057110000 - 0x000000005711f000 	C:\Program Files\Java\jdk1.8.0_51\jre\bin\verify.dll
0x00000000570e0000 - 0x0000000057109000 	C:\Program Files\Java\jdk1.8.0_51\jre\bin\java.dll
0x00000000570c0000 - 0x00000000570d6000 	C:\Program Files\Java\jdk1.8.0_51\jre\bin\zip.dll
0x00007ff849970000 - 0x00007ff84aecc000 	C:\WINDOWS\system32\SHELL32.dll
0x00007ff8486b0000 - 0x00007ff848cf4000 	C:\WINDOWS\system32\windows.storage.dll
0x00007ff84aed0000 - 0x00007ff84af22000 	C:\WINDOWS\system32\shlwapi.dll
0x00007ff8483b0000 - 0x00007ff8483bf000 	C:\WINDOWS\system32\kernel.appcore.dll
0x00007ff848d70000 - 0x00007ff848e25000 	C:\WINDOWS\system32\shcore.dll
0x00007ff848360000 - 0x00007ff8483ab000 	C:\WINDOWS\system32\powrprof.dll
0x00007ff848340000 - 0x00007ff848354000 	C:\WINDOWS\system32\profapi.dll
0x00007ff82fba0000 - 0x00007ff82fd2c000 	C:\WINDOWS\SYSTEM32\dbghelp.dll

VM Arguments:
jvm_args: -Djava.awt.headless=true -Xmx1024M -Dfile.encoding=windows-1252 -Duser.country=IN -Duser.language=en -Duser.variant 
java_command: com.android.dx.command.Main --dex --force-jumbo --num-threads=4 --multi-dex --output F:\Android_Projects\SunshineUdacity\app\build\intermediates\transforms\dex\debug\folders\1000\10\com.android.support-design-23.3.0_57342a637afb768041c167419a7014d811a0629b F:\Android_Projects\SunshineUdacity\app\build\intermediates\exploded-aar\com.android.support\design\23.3.0\jars\classes.jar
java_class_path (initial): C:\Users\Ganesh Prasad\AppData\Local\Android\sdk\build-tools\23.0.3\lib\dx.jar
Launcher Type: SUN_STANDARD

Environment Variables:
JAVA_HOME=C:\Program Files\Java\jdk1.8.0_51
PATH=C:\ProgramData\Oracle\Java\javapath;C:\Program Files (x86)\Intel\iCLS Client\;C:\Program Files\Intel\iCLS Client\;C:\Program Files (x86)\AMD APP\bin\x86_64;C:\Program Files (x86)\AMD APP\bin\x86;C:\WINDOWS\system32;C:\WINDOWS;C:\WINDOWS\System32\Wbem;C:\WINDOWS\System32\WindowsPowerShell\v1.0\;C:\Program Files (x86)\ATI Technologies\ATI.ACE\Core-Static;C:\Program Files\Intel\Intel(R) Management Engine Components\DAL;C:\Program Files\Intel\Intel(R) Management Engine Components\IPT;C:\Program Files (x86)\Intel\Intel(R) Management Engine Components\DAL;C:\Program Files (x86)\Intel\Intel(R) Management Engine Components\IPT;\;C:\Program Files (x86)\Sony\VAIO Startup Setting Tool;C:\Program Files (x86)\Brackets\command;C:\Program Files (x86)\Java\jdk1.8.0_45\bin;C:\Program Files\nodejs\;C:\Users\Ganesh Prasad\AppData\Local\GitHub\PortableGit_c7e0cbde92ba565cb218a521411d0e854079a28c\bin;C:\Users\Ganesh Prasad\AppData\Local\GitHub\PortableGit_c7e0cbde92ba565cb218a521411d0e854079a28c\cmd;C:\Users\Ganesh Prasad\Anaconda2;C:\Users\Ganesh Prasad\Anaconda2\Scripts;C:\Users\Ganesh Prasad\Anaconda2\Library\bin;C:\Users\Ganesh Prasad\AppData\Roaming\npm
USERNAME=Ganesh Prasad
OS=Windows_NT
PROCESSOR_IDENTIFIER=Intel64 Family 6 Model 58 Stepping 9, GenuineIntel



---------------  S Y S T E M  ---------------

OS: Windows 10.0 , 64 bit Build 10586 (10.0.10586.0)

CPU:total 4 (2 cores per cpu, 2 threads per core) family 6 model 58 stepping 9, cmov, cx8, fxsr, mmx, sse, sse2, sse3, ssse3, sse4.1, sse4.2, popcnt, avx, clmul, erms, ht, tsc, tscinvbit, tscinv

Memory: 4k page, physical 4140316k(356920k free), swap 5574940k(4124k free)

vm_info: Java HotSpot(TM) 64-Bit Server VM (25.51-b03) for windows-amd64 JRE (1.8.0_51-b16), built on Jun  8 2015 18:03:07 by "java_re" with MS VC++ 10.0 (VS2010)

time: Mon Jun 20 12:56:52 2016
elapsed time: 8 seconds (0d 0h 0m 8s)

