#
# There is insufficient memory for the Java Runtime Environment to continue.
# Native memory allocation (malloc) failed to allocate 1344496 bytes for Chunk::new
# Possible reasons:
#   The system is out of physical RAM or swap space
#   In 32 bit mode, the process size limit was hit
# Possible solutions:
#   Reduce memory load on the system
#   Increase physical memory or swap space
#   Check if swap backing store is full
#   Use 64 bit Java on a 64 bit OS
#   Decrease Java heap size (-Xmx/-Xms)
#   Decrease number of Java threads
#   Decrease Java thread stack sizes (-Xss)
#   Set larger code cache with -XX:ReservedCodeCacheSize=
# This output file may be truncated or incomplete.
#
#  Out of Memory Error (allocation.cpp:390), pid=98464, tid=98688
#
# JRE version: Java(TM) SE Runtime Environment (8.0_51-b16) (build 1.8.0_51-b16)
# Java VM: Java HotSpot(TM) 64-Bit Server VM (25.51-b03 mixed mode windows-amd64 compressed oops)
# Failed to write core dump. Minidumps are not enabled by default on client versions of Windows
#

---------------  T H R E A D  ---------------

Current thread (0x000000001588b000):  JavaThread "C2 CompilerThread0" daemon [_thread_in_native, id=98688, stack(0x0000000016de0000,0x0000000016ee0000)]

Stack: [0x0000000016de0000,0x0000000016ee0000]
Native frames: (J=compiled Java code, j=interpreted, Vv=VM code, C=native code)
V  [jvm.dll+0x32b4ca]
V  [jvm.dll+0x2797e3]
V  [jvm.dll+0x27a479]
V  [jvm.dll+0x271765]
V  [jvm.dll+0xcba02]
V  [jvm.dll+0xcbecc]
V  [jvm.dll+0x476f72]
V  [jvm.dll+0x4b95ff]
V  [jvm.dll+0x46b9bf]
V  [jvm.dll+0x46cd4e]
V  [jvm.dll+0x4501a2]
V  [jvm.dll+0xa43a2]
V  [jvm.dll+0xa4cdf]
V  [jvm.dll+0x2418a4]
V  [jvm.dll+0x29846a]
C  [msvcr100.dll+0x21d9f]
C  [msvcr100.dll+0x21e3b]
C  [KERNEL32.DLL+0x18102]
C  [ntdll.dll+0x5c5b4]


Current CompileTask:
C2:   5001 1235   !   4       com.android.dx.cf.code.BytecodeArray::parseInstruction (2764 bytes)


---------------  P R O C E S S  ---------------

Java Threads: ( => current thread )
  0x000000001734f800 JavaThread "pool-2-thread-4" [_thread_in_Java, id=98036, stack(0x0000000017ae0000,0x0000000017be0000)]
  0x000000001734e800 JavaThread "pool-2-thread-3" [_thread_in_Java, id=98044, stack(0x00000000179e0000,0x0000000017ae0000)]
  0x000000001734d800 JavaThread "pool-2-thread-2" [_thread_in_Java, id=97644, stack(0x00000000178e0000,0x00000000179e0000)]
  0x000000001733d800 JavaThread "pool-3-thread-1" [_thread_blocked, id=98352, stack(0x00000000177e0000,0x00000000178e0000)]
  0x000000001733d000 JavaThread "pool-2-thread-1" [_thread_in_Java, id=98364, stack(0x00000000176e0000,0x00000000177e0000)]
  0x00000000170e5800 JavaThread "Service Thread" daemon [_thread_blocked, id=98792, stack(0x00000000174e0000,0x00000000175e0000)]
  0x00000000158e9000 JavaThread "C1 CompilerThread2" daemon [_thread_in_native, id=98952, stack(0x0000000016fe0000,0x00000000170e0000)]
  0x0000000015891000 JavaThread "C2 CompilerThread1" daemon [_thread_in_native, id=97924, stack(0x0000000016ee0000,0x0000000016fe0000)]
=>0x000000001588b000 JavaThread "C2 CompilerThread0" daemon [_thread_in_native, id=98688, stack(0x0000000016de0000,0x0000000016ee0000)]
  0x0000000015889000 JavaThread "Attach Listener" daemon [_thread_blocked, id=99164, stack(0x0000000016ce0000,0x0000000016de0000)]
  0x0000000015887800 JavaThread "Signal Dispatcher" daemon [_thread_blocked, id=98964, stack(0x0000000016be0000,0x0000000016ce0000)]
  0x0000000003100800 JavaThread "Finalizer" daemon [_thread_blocked, id=88264, stack(0x0000000016ae0000,0x0000000016be0000)]
  0x00000000030fd800 JavaThread "Reference Handler" daemon [_thread_blocked, id=99156, stack(0x00000000169e0000,0x0000000016ae0000)]
  0x00000000031be000 JavaThread "main" [_thread_in_native_trans, id=92612, stack(0x0000000002e90000,0x0000000002f90000)]

Other Threads:
  0x0000000015858000 VMThread [stack: 0x00000000168e0000,0x00000000169e0000] [id=98588]
  0x00000000170e6800 WatcherThread [stack: 0x00000000175e0000,0x00000000176e0000] [id=98380]

VM state:not at safepoint (normal execution)

VM Mutex/Monitor currently owned by a thread: None

Heap:
 PSYoungGen      total 35328K, used 30189K [0x00000000eab00000, 0x00000000ed000000, 0x0000000100000000)
  eden space 32768K, 84% used [0x00000000eab00000,0x00000000ec5fc050,0x00000000ecb00000)
  from space 2560K, 99% used [0x00000000ecd80000,0x00000000ecfff748,0x00000000ed000000)
  to   space 2560K, 0% used [0x00000000ecb00000,0x00000000ecb00000,0x00000000ecd80000)
 ParOldGen       total 44032K, used 2244K [0x00000000c0000000, 0x00000000c2b00000, 0x00000000eab00000)
  object space 44032K, 5% used [0x00000000c0000000,0x00000000c0231210,0x00000000c2b00000)
 Metaspace       used 6071K, capacity 6960K, committed 7040K, reserved 1056768K
  class space    used 594K, capacity 616K, committed 640K, reserved 1048576K

Card table byte_map: [0x0000000012580000,0x0000000012790000] byte_map_base: 0x0000000011f80000

Marking Bits: (ParMarkBitMap*) 0x0000000058574040
 Begin Bits: [0x0000000012cf0000, 0x0000000013cf0000)
 End Bits:   [0x0000000013cf0000, 0x0000000014cf0000)

Polling page: 0x0000000002f90000

CodeCache: size=245760Kb used=5075Kb max_used=5075Kb free=240684Kb
 bounds [0x00000000031c0000, 0x00000000036c0000, 0x00000000121c0000]
 total_blobs=1573 nmethods=1301 adapters=185
 compilation: enabled

Compilation events (10 events):
Event: 4.863 Thread 0x00000000158e9000 1246       3       java.util.HashMap::<init> (8 bytes)
Event: 4.863 Thread 0x00000000158e9000 nmethod 1246 0x0000000003699ed0 code [0x000000000369a060, 0x000000000369a1e8]
Event: 4.863 Thread 0x00000000158e9000 1266       3       com.android.dx.cf.code.LocalVariableList$Item::<init> (115 bytes)
Event: 4.863 Thread 0x00000000158e9000 nmethod 1266 0x000000000369a290 code [0x000000000369a480, 0x000000000369ab68]
Event: 4.863 Thread 0x00000000158e9000 1254       3       com.android.dx.rop.cst.CstType::<init> (46 bytes)
Event: 4.864 Thread 0x00000000158e9000 nmethod 1254 0x000000000369ae90 code [0x000000000369b040, 0x000000000369b4d8]
Event: 4.864 Thread 0x00000000158e9000 1269       1       java.util.HashMap$Node::getValue (5 bytes)
Event: 4.864 Thread 0x00000000158e9000 nmethod 1269 0x0000000003652210 code [0x0000000003652360, 0x0000000003652470]
Event: 4.864 Thread 0x00000000158e9000 1270       1       com.android.dx.ssa.PhiInsn::getOpcode (2 bytes)
Event: 4.864 Thread 0x00000000158e9000 nmethod 1270 0x0000000003698390 code [0x00000000036984e0, 0x00000000036985f0]

GC Heap History (4 events):
Event: 1.841 GC heap before
{Heap before GC invocations=1 (full 0):
 PSYoungGen      total 18944K, used 16384K [0x00000000eab00000, 0x00000000ec000000, 0x0000000100000000)
  eden space 16384K, 100% used [0x00000000eab00000,0x00000000ebb00000,0x00000000ebb00000)
  from space 2560K, 0% used [0x00000000ebd80000,0x00000000ebd80000,0x00000000ec000000)
  to   space 2560K, 0% used [0x00000000ebb00000,0x00000000ebb00000,0x00000000ebd80000)
 ParOldGen       total 44032K, used 0K [0x00000000c0000000, 0x00000000c2b00000, 0x00000000eab00000)
  object space 44032K, 0% used [0x00000000c0000000,0x00000000c0000000,0x00000000c2b00000)
 Metaspace       used 3804K, capacity 5008K, committed 5120K, reserved 1056768K
  class space    used 418K, capacity 456K, committed 512K, reserved 1048576K
Event: 1.871 GC heap after
Heap after GC invocations=1 (full 0):
 PSYoungGen      total 18944K, used 1348K [0x00000000eab00000, 0x00000000ed000000, 0x0000000100000000)
  eden space 16384K, 0% used [0x00000000eab00000,0x00000000eab00000,0x00000000ebb00000)
  from space 2560K, 52% used [0x00000000ebb00000,0x00000000ebc51290,0x00000000ebd80000)
  to   space 2560K, 0% used [0x00000000ecd80000,0x00000000ecd80000,0x00000000ed000000)
 ParOldGen       total 44032K, used 8K [0x00000000c0000000, 0x00000000c2b00000, 0x00000000eab00000)
  object space 44032K, 0% used [0x00000000c0000000,0x00000000c0002000,0x00000000c2b00000)
 Metaspace       used 3804K, capacity 5008K, committed 5120K, reserved 1056768K
  class space    used 418K, capacity 456K, committed 512K, reserved 1048576K
}
Event: 4.006 GC heap before
{Heap before GC invocations=2 (full 0):
 PSYoungGen      total 18944K, used 17732K [0x00000000eab00000, 0x00000000ed000000, 0x0000000100000000)
  eden space 16384K, 100% used [0x00000000eab00000,0x00000000ebb00000,0x00000000ebb00000)
  from space 2560K, 52% used [0x00000000ebb00000,0x00000000ebc51290,0x00000000ebd80000)
  to   space 2560K, 0% used [0x00000000ecd80000,0x00000000ecd80000,0x00000000ed000000)
 ParOldGen       total 44032K, used 8K [0x00000000c0000000, 0x00000000c2b00000, 0x00000000eab00000)
  object space 44032K, 0% used [0x00000000c0000000,0x00000000c0002000,0x00000000c2b00000)
 Metaspace       used 5914K, capacity 6832K, committed 7040K, reserved 1056768K
  class space    used 592K, capacity 616K, committed 640K, reserved 1048576K
Event: 4.018 GC heap after
Heap after GC invocations=2 (full 0):
 PSYoungGen      total 35328K, used 2557K [0x00000000eab00000, 0x00000000ed000000, 0x0000000100000000)
  eden space 32768K, 0% used [0x00000000eab00000,0x00000000eab00000,0x00000000ecb00000)
  from space 2560K, 99% used [0x00000000ecd80000,0x00000000ecfff748,0x00000000ed000000)
  to   space 2560K, 0% used [0x00000000ecb00000,0x00000000ecb00000,0x00000000ecd80000)
 ParOldGen       total 44032K, used 2244K [0x00000000c0000000, 0x00000000c2b00000, 0x00000000eab00000)
  object space 44032K, 5% used [0x00000000c0000000,0x00000000c0231210,0x00000000c2b00000)
 Metaspace       used 5914K, capacity 6832K, committed 7040K, reserved 1056768K
  class space    used 592K, capacity 616K, committed 640K, reserved 1048576K
}

Deoptimization events (5 events):
Event: 2.085 Thread 0x00000000031be000 Uncommon trap: reason=unstable_if action=reinterpret pc=0x000000000334aa14 method=java.lang.String.compareTo(Ljava/lang/String;)I @ 38
Event: 3.447 Thread 0x000000001734e800 Uncommon trap: reason=unstable_if action=reinterpret pc=0x0000000003418d30 method=java.util.HashMap.getNode(ILjava/lang/Object;)Ljava/util/HashMap$Node; @ 62
Event: 4.001 Thread 0x00000000031be000 Uncommon trap: reason=unstable_if action=reinterpret pc=0x0000000003467eec method=java.util.HashMap.getNode(ILjava/lang/Object;)Ljava/util/HashMap$Node; @ 129
Event: 4.069 Thread 0x000000001734e800 Uncommon trap: reason=unstable_if action=reinterpret pc=0x000000000341a470 method=java.util.BitSet.nextSetBit(I)I @ 87
Event: 4.815 Thread 0x000000001734f800 Uncommon trap: reason=unstable_if action=reinterpret pc=0x000000000362b994 method=com.android.dx.util.LabeledList.set(ILcom/android/dx/util/LabeledItem;)V @ 16

Internal exceptions (2 events):
Event: 0.288 Thread 0x00000000031be000 Exception <a 'java/lang/NoSuchMethodError': Method sun.misc.Unsafe.defineClass(Ljava/lang/String;[BII)Ljava/lang/Class; name or signature does not match> (0x00000000eab0d910) thrown at [C:\re\workspace\8-2-build-windows-amd64-cygwin\jdk8u51\3951\hotspot\sr@îuùRhÒ?
Event: 0.288 Thread 0x00000000031be000 Exception <a 'java/lang/NoSuchMethodError': Method sun.misc.Unsafe.prefetchRead(Ljava/lang/Object;J)V name or signature does not match> (0x00000000eab0dba0) thrown at [C:\re\workspace\8-2-build-windows-amd64-cygwin\jdk8u51\3951\hotspot\src\share\vm\prims\j

Events (10 events):
Event: 4.069 Thread 0x000000001734e800 Uncommon trap: trap_request=0xffffff65 fr.pc=0x000000000341a470
Event: 4.069 Thread 0x000000001734e800 DEOPT PACKING pc=0x000000000341a470 sp=0x0000000017ade8b0
Event: 4.069 Thread 0x000000001734e800 DEOPT UNPACKING pc=0x000000000320582a sp=0x0000000017ade848 mode 2
Event: 4.581 Executing VM operation: EnableBiasedLocking
Event: 4.795 Executing VM operation: EnableBiasedLocking done
Event: 4.815 Thread 0x000000001734f800 Uncommon trap: trap_request=0xffffff65 fr.pc=0x000000000362b994
Event: 4.815 Thread 0x000000001734f800 DEOPT PACKING pc=0x000000000362b994 sp=0x0000000017bded30
Event: 4.815 Thread 0x000000001734f800 DEOPT UNPACKING pc=0x000000000320582a sp=0x0000000017bded18 mode 2
Event: 4.858 loading class com/android/dx/cf/code/Ropper$ExceptionHandlerSetup
Event: 4.858 loading class com/android/dx/cf/code/Ropper$ExceptionHandlerSetup done


Dynamic libraries:
0x00007ff660970000 - 0x00007ff6609a7000 	C:\Program Files\Java\jdk1.8.0_51\bin\java.exe
0x00007ff84bd20000 - 0x00007ff84bee1000 	C:\WINDOWS\SYSTEM32\ntdll.dll
0x00007ff84b4f0000 - 0x00007ff84b59d000 	C:\WINDOWS\system32\KERNEL32.DLL
0x00007ff848f30000 - 0x00007ff849118000 	C:\WINDOWS\system32\KERNELBASE.dll
0x00007ff84b700000 - 0x00007ff84b7a7000 	C:\WINDOWS\system32\ADVAPI32.dll
0x00007ff849430000 - 0x00007ff8494cd000 	C:\WINDOWS\system32\msvcrt.dll
0x00007ff84af30000 - 0x00007ff84af8b000 	C:\WINDOWS\system32\sechost.dll
0x00007ff84b210000 - 0x00007ff84b32c000 	C:\WINDOWS\system32\RPCRT4.dll
0x00007ff84bbc0000 - 0x00007ff84bd16000 	C:\WINDOWS\system32\USER32.dll
0x00007ff8491d0000 - 0x00007ff849356000 	C:\WINDOWS\system32\GDI32.dll
0x00007ff83e860000 - 0x00007ff83ead4000 	C:\WINDOWS\WinSxS\amd64_microsoft.windows.common-controls_6595b64144ccf1df_6.0.10586.0_none_8c15ae12515e1c22\COMCTL32.dll
0x00007ff84af90000 - 0x00007ff84b20d000 	C:\WINDOWS\system32\combase.dll
0x00007ff848d00000 - 0x00007ff848d6a000 	C:\WINDOWS\system32\bcryptPrimitives.dll
0x00007ff84b840000 - 0x00007ff84b87b000 	C:\WINDOWS\system32\IMM32.DLL
0x0000000056410000 - 0x00000000564e2000 	C:\Program Files\Java\jdk1.8.0_51\jre\bin\msvcr100.dll
0x0000000057d70000 - 0x00000000585f3000 	C:\Program Files\Java\jdk1.8.0_51\jre\bin\server\jvm.dll
0x00007ff84b830000 - 0x00007ff84b838000 	C:\WINDOWS\system32\PSAPI.DLL
0x00007ff846bb0000 - 0x00007ff846bd3000 	C:\WINDOWS\SYSTEM32\WINMM.dll
0x00007ff844460000 - 0x00007ff84446a000 	C:\WINDOWS\SYSTEM32\VERSION.dll
0x00007ff846b80000 - 0x00007ff846bac000 	C:\WINDOWS\SYSTEM32\WINMMBASE.dll
0x00007ff848e30000 - 0x00007ff848e73000 	C:\WINDOWS\system32\cfgmgr32.dll
0x00007ff846c30000 - 0x00007ff846c39000 	C:\WINDOWS\SYSTEM32\WSOCK32.dll
0x00007ff8494d0000 - 0x00007ff84953b000 	C:\WINDOWS\system32\WS2_32.dll
0x0000000057110000 - 0x000000005711f000 	C:\Program Files\Java\jdk1.8.0_51\jre\bin\verify.dll
0x00000000570e0000 - 0x0000000057109000 	C:\Program Files\Java\jdk1.8.0_51\jre\bin\java.dll
0x00000000570c0000 - 0x00000000570d6000 	C:\Program Files\Java\jdk1.8.0_51\jre\bin\zip.dll
0x00007ff849970000 - 0x00007ff84aecc000 	C:\WINDOWS\system32\SHELL32.dll
0x00007ff8486b0000 - 0x00007ff848cf4000 	C:\WINDOWS\system32\windows.storage.dll
0x00007ff84aed0000 - 0x00007ff84af22000 	C:\WINDOWS\system32\shlwapi.dll
0x00007ff8483b0000 - 0x00007ff8483bf000 	C:\WINDOWS\system32\kernel.appcore.dll
0x00007ff848d70000 - 0x00007ff848e25000 	C:\WINDOWS\system32\shcore.dll
0x00007ff848360000 - 0x00007ff8483ab000 	C:\WINDOWS\system32\powrprof.dll
0x00007ff848340000 - 0x00007ff848354000 	C:\WINDOWS\system32\profapi.dll
0x00007ff82fba0000 - 0x00007ff82fd2c000 	C:\WINDOWS\SYSTEM32\dbghelp.dll

VM Arguments:
jvm_args: -Djava.awt.headless=true -Xmx1024M -Dfile.encoding=windows-1252 -Duser.country=IN -Duser.language=en -Duser.variant 
java_command: com.android.dx.command.Main --dex --force-jumbo --num-threads=4 --multi-dex --output F:\Android_Projects\SunshineUdacity\app\build\intermediates\transforms\dex\debug\folders\1000\10\com.android.support-support-v4-23.3.0_0c74a75fb6cf51e5c8e173a6c2feb0fb3340bb01 F:\Android_Projects\SunshineUdacity\app\build\intermediates\exploded-aar\com.android.support\support-v4\23.3.0\jars\classes.jar
java_class_path (initial): C:\Users\Ganesh Prasad\AppData\Local\Android\sdk\build-tools\23.0.3\lib\dx.jar
Launcher Type: SUN_STANDARD

Environment Variables:
JAVA_HOME=C:\Program Files\Java\jdk1.8.0_51
PATH=C:\ProgramData\Oracle\Java\javapath;C:\Program Files (x86)\Intel\iCLS Client\;C:\Program Files\Intel\iCLS Client\;C:\Program Files (x86)\AMD APP\bin\x86_64;C:\Program Files (x86)\AMD APP\bin\x86;C:\WINDOWS\system32;C:\WINDOWS;C:\WINDOWS\System32\Wbem;C:\WINDOWS\System32\WindowsPowerShell\v1.0\;C:\Program Files (x86)\ATI Technologies\ATI.ACE\Core-Static;C:\Program Files\Intel\Intel(R) Management Engine Components\DAL;C:\Program Files\Intel\Intel(R) Management Engine Components\IPT;C:\Program Files (x86)\Intel\Intel(R) Management Engine Components\DAL;C:\Program Files (x86)\Intel\Intel(R) Management Engine Components\IPT;\;C:\Program Files (x86)\Sony\VAIO Startup Setting Tool;C:\Program Files (x86)\Brackets\command;C:\Program Files (x86)\Java\jdk1.8.0_45\bin;C:\Program Files\nodejs\;C:\Users\Ganesh Prasad\AppData\Local\GitHub\PortableGit_c7e0cbde92ba565cb218a521411d0e854079a28c\bin;C:\Users\Ganesh Prasad\AppData\Local\GitHub\PortableGit_c7e0cbde92ba565cb218a521411d0e854079a28c\cmd;C:\Users\Ganesh Prasad\Anaconda2;C:\Users\Ganesh Prasad\Anaconda2\Scripts;C:\Users\Ganesh Prasad\Anaconda2\Library\bin;C:\Users\Ganesh Prasad\AppData\Roaming\npm
USERNAME=Ganesh Prasad
OS=Windows_NT
PROCESSOR_IDENTIFIER=Intel64 Family 6 Model 58 Stepping 9, GenuineIntel



---------------  S Y S T E M  ---------------

OS: Windows 10.0 , 64 bit Build 10586 (10.0.10586.0)

CPU:total 4 (2 cores per cpu, 2 threads per core) family 6 model 58 stepping 9, cmov, cx8, fxsr, mmx, sse, sse2, sse3, ssse3, sse4.1, sse4.2, popcnt, avx, clmul, erms, ht, tsc, tscinvbit, tscinv

Memory: 4k page, physical 4140316k(456328k free), swap 5574940k(2436k free)

vm_info: Java HotSpot(TM) 64-Bit Server VM (25.51-b03) for windows-amd64 JRE (1.8.0_51-b16), built on Jun  8 2015 18:03:07 by "java_re" with MS VC++ 10.0 (VS2010)

time: Mon Jun 20 12:56:44 2016
elapsed time: 5 seconds (0d 0h 0m 5s)

