#
# There is insufficient memory for the Java Runtime Environment to continue.
# Native memory allocation (malloc) failed to allocate 32744 bytes for ChunkPool::allocate
# Possible reasons:
#   The system is out of physical RAM or swap space
#   In 32 bit mode, the process size limit was hit
# Possible solutions:
#   Reduce memory load on the system
#   Increase physical memory or swap space
#   Check if swap backing store is full
#   Use 64 bit Java on a 64 bit OS
#   Decrease Java heap size (-Xmx/-Xms)
#   Decrease number of Java threads
#   Decrease Java thread stack sizes (-Xss)
#   Set larger code cache with -XX:ReservedCodeCacheSize=
# This output file may be truncated or incomplete.
#
#  Out of Memory Error (allocation.cpp:273), pid=90256, tid=98412
#
# JRE version: Java(TM) SE Runtime Environment (8.0_51-b16) (build 1.8.0_51-b16)
# Java VM: Java HotSpot(TM) 64-Bit Server VM (25.51-b03 mixed mode windows-amd64 compressed oops)
# Failed to write core dump. Minidumps are not enabled by default on client versions of Windows
#

---------------  T H R E A D  ---------------

Current thread (0x0000000014f2b000):  JavaThread "C2 CompilerThread0" daemon [_thread_in_vm, id=98412, stack(0x00000000164b0000,0x00000000165b0000)]

Stack: [0x00000000164b0000,0x00000000165b0000]
Native frames: (J=compiled Java code, j=interpreted, Vv=VM code, C=native code)
V  [jvm.dll+0x32b4ca]


---------------  P R O C E S S  ---------------

Java Threads: ( => current thread )
  0x0000000014f84800 JavaThread "Service Thread" daemon [_thread_blocked, id=99288, stack(0x00000000167b0000,0x00000000168b0000)]
  0x0000000014f39000 JavaThread "C1 CompilerThread2" daemon [_thread_in_native, id=98432, stack(0x00000000166b0000,0x00000000167b0000)]
  0x0000000014f31000 JavaThread "C2 CompilerThread1" daemon [_thread_blocked, id=99108, stack(0x00000000165b0000,0x00000000166b0000)]
=>0x0000000014f2b000 JavaThread "C2 CompilerThread0" daemon [_thread_in_vm, id=98412, stack(0x00000000164b0000,0x00000000165b0000)]
  0x0000000014f29000 JavaThread "Attach Listener" daemon [_thread_blocked, id=75852, stack(0x00000000163b0000,0x00000000164b0000)]
  0x0000000014f28000 JavaThread "Signal Dispatcher" daemon [_thread_blocked, id=98784, stack(0x00000000162b0000,0x00000000163b0000)]
  0x0000000002826800 JavaThread "Finalizer" daemon [_thread_blocked, id=98568, stack(0x00000000161a0000,0x00000000162a0000)]
  0x000000000281d800 JavaThread "Reference Handler" daemon [_thread_blocked, id=98824, stack(0x00000000160a0000,0x00000000161a0000)]
  0x000000000250e000 JavaThread "main" [_thread_in_vm, id=96444, stack(0x0000000002620000,0x0000000002720000)]

Other Threads:
  0x0000000014ef8000 VMThread [stack: 0x0000000015fa0000,0x00000000160a0000] [id=98948]
  0x0000000014f86000 WatcherThread [stack: 0x00000000168b0000,0x00000000169b0000] [id=98596]

VM state:not at safepoint (normal execution)

VM Mutex/Monitor currently owned by a thread: None

Heap:
 PSYoungGen      total 18944K, used 1310K [0x00000000eab00000, 0x00000000ec000000, 0x0000000100000000)
  eden space 16384K, 8% used [0x00000000eab00000,0x00000000eac47bd0,0x00000000ebb00000)
  from space 2560K, 0% used [0x00000000ebd80000,0x00000000ebd80000,0x00000000ec000000)
  to   space 2560K, 0% used [0x00000000ebb00000,0x00000000ebb00000,0x00000000ebd80000)
 ParOldGen       total 44032K, used 0K [0x00000000c0000000, 0x00000000c2b00000, 0x00000000eab00000)
  object space 44032K, 0% used [0x00000000c0000000,0x00000000c0000000,0x00000000c2b00000)
 Metaspace       used 2636K, capacity 4480K, committed 4480K, reserved 1056768K
  class space    used 288K, capacity 384K, committed 384K, reserved 1048576K

Card table byte_map: [0x0000000011c00000,0x0000000011e10000] byte_map_base: 0x0000000011600000

Marking Bits: (ParMarkBitMap*) 0x0000000058574040
 Begin Bits: [0x0000000012370000, 0x0000000013370000)
 End Bits:   [0x0000000013370000, 0x0000000014370000)

Polling page: 0x00000000024f0000

CodeCache: size=245760Kb used=1098Kb max_used=1098Kb free=244662Kb
 bounds [0x0000000002840000, 0x0000000002ab0000, 0x0000000011840000]
 total_blobs=249 nmethods=22 adapters=155
 compilation: enabled

Compilation events (0 events):
No events

GC Heap History (0 events):
No events

Deoptimization events (0 events):
No events

Internal exceptions (2 events):
Event: 0.053 Thread 0x000000000250e000 Exception <a 'java/lang/NoSuchMethodError': Method sun.misc.Unsafe.defineClass(Ljava/lang/String;[BII)Ljava/lang/Class; name or signature does not match> (0x00000000eab0d5a0) thrown at [C:\re\workspace\8-2-build-windows-amd64-cygwin\jdk8u51\3951\hotspot\srÛ‡·‹Éc«?
Event: 0.053 Thread 0x000000000250e000 Exception <a 'java/lang/NoSuchMethodError': Method sun.misc.Unsafe.prefetchRead(Ljava/lang/Object;J)V name or signature does not match> (0x00000000eab0d830) thrown at [C:\re\workspace\8-2-build-windows-amd64-cygwin\jdk8u51\3951\hotspot\src\share\vm\prims\j

Events (10 events):
Event: 0.123 loading class sun/misc/Launcher$AppClassLoader$1
Event: 0.123 loading class sun/misc/Launcher$AppClassLoader$1 done
Event: 0.124 loading class java/lang/SystemClassLoaderAction
Event: 0.124 loading class java/lang/SystemClassLoaderAction done
Event: 0.124 Thread 0x0000000014f28000 Thread added: 0x0000000014f28000
Event: 0.124 Thread 0x0000000014f29000 Thread added: 0x0000000014f29000
Event: 0.124 Thread 0x0000000014f2b000 Thread added: 0x0000000014f2b000
Event: 0.124 Thread 0x0000000014f31000 Thread added: 0x0000000014f31000
Event: 0.124 Thread 0x0000000014f39000 Thread added: 0x0000000014f39000
Event: 0.124 loading class java/lang/invoke/MethodHandleImpl


Dynamic libraries:
0x00007ff660970000 - 0x00007ff6609a7000 	C:\Program Files\Java\jdk1.8.0_51\bin\java.exe
0x00007ff84bd20000 - 0x00007ff84bee1000 	C:\WINDOWS\SYSTEM32\ntdll.dll
0x00007ff84b4f0000 - 0x00007ff84b59d000 	C:\WINDOWS\system32\KERNEL32.DLL
0x00007ff848f30000 - 0x00007ff849118000 	C:\WINDOWS\system32\KERNELBASE.dll
0x00007ff84b700000 - 0x00007ff84b7a7000 	C:\WINDOWS\system32\ADVAPI32.dll
0x00007ff849430000 - 0x00007ff8494cd000 	C:\WINDOWS\system32\msvcrt.dll
0x00007ff84af30000 - 0x00007ff84af8b000 	C:\WINDOWS\system32\sechost.dll
0x00007ff84b210000 - 0x00007ff84b32c000 	C:\WINDOWS\system32\RPCRT4.dll
0x00007ff84bbc0000 - 0x00007ff84bd16000 	C:\WINDOWS\system32\USER32.dll
0x00007ff8491d0000 - 0x00007ff849356000 	C:\WINDOWS\system32\GDI32.dll
0x00007ff83e860000 - 0x00007ff83ead4000 	C:\WINDOWS\WinSxS\amd64_microsoft.windows.common-controls_6595b64144ccf1df_6.0.10586.0_none_8c15ae12515e1c22\COMCTL32.dll
0x00007ff84af90000 - 0x00007ff84b20d000 	C:\WINDOWS\system32\combase.dll
0x00007ff848d00000 - 0x00007ff848d6a000 	C:\WINDOWS\system32\bcryptPrimitives.dll
0x00007ff84b840000 - 0x00007ff84b87b000 	C:\WINDOWS\system32\IMM32.DLL
0x0000000056410000 - 0x00000000564e2000 	C:\Program Files\Java\jdk1.8.0_51\jre\bin\msvcr100.dll
0x0000000057d70000 - 0x00000000585f3000 	C:\Program Files\Java\jdk1.8.0_51\jre\bin\server\jvm.dll
0x00007ff84b830000 - 0x00007ff84b838000 	C:\WINDOWS\system32\PSAPI.DLL
0x00007ff846c30000 - 0x00007ff846c39000 	C:\WINDOWS\SYSTEM32\WSOCK32.dll
0x00007ff8494d0000 - 0x00007ff84953b000 	C:\WINDOWS\system32\WS2_32.dll
0x00007ff844460000 - 0x00007ff84446a000 	C:\WINDOWS\SYSTEM32\VERSION.dll
0x00007ff846bb0000 - 0x00007ff846bd3000 	C:\WINDOWS\SYSTEM32\WINMM.dll
0x00007ff846b80000 - 0x00007ff846bac000 	C:\WINDOWS\SYSTEM32\WINMMBASE.dll
0x00007ff848e30000 - 0x00007ff848e73000 	C:\WINDOWS\system32\cfgmgr32.dll
0x0000000057110000 - 0x000000005711f000 	C:\Program Files\Java\jdk1.8.0_51\jre\bin\verify.dll
0x00000000570e0000 - 0x0000000057109000 	C:\Program Files\Java\jdk1.8.0_51\jre\bin\java.dll
0x00000000570c0000 - 0x00000000570d6000 	C:\Program Files\Java\jdk1.8.0_51\jre\bin\zip.dll
0x00007ff849970000 - 0x00007ff84aecc000 	C:\WINDOWS\system32\SHELL32.dll
0x00007ff8486b0000 - 0x00007ff848cf4000 	C:\WINDOWS\system32\windows.storage.dll
0x00007ff84aed0000 - 0x00007ff84af22000 	C:\WINDOWS\system32\shlwapi.dll
0x00007ff8483b0000 - 0x00007ff8483bf000 	C:\WINDOWS\system32\kernel.appcore.dll
0x00007ff848d70000 - 0x00007ff848e25000 	C:\WINDOWS\system32\shcore.dll
0x00007ff848360000 - 0x00007ff8483ab000 	C:\WINDOWS\system32\powrprof.dll
0x00007ff848340000 - 0x00007ff848354000 	C:\WINDOWS\system32\profapi.dll
0x00007ff82fba0000 - 0x00007ff82fd2c000 	C:\WINDOWS\SYSTEM32\dbghelp.dll

VM Arguments:
jvm_args: -Djava.awt.headless=true -Xmx1024M -Dfile.encoding=windows-1252 -Duser.country=IN -Duser.language=en -Duser.variant 
java_command: com.android.dx.command.Main --dex --force-jumbo --num-threads=4 --multi-dex --output F:\Android_Projects\SunshineUdacity\app\build\intermediates\transforms\dex\debug\folders\1000\10\instant-run-bootstrap_420af97d0b10878d6e01174d6034cf12b7993c59 F:\Android_Projects\SunshineUdacity\app\build\intermediates\incremental-classes\debug\instant-run-bootstrap.jar
java_class_path (initial): C:\Users\Ganesh Prasad\AppData\Local\Android\sdk\build-tools\23.0.3\lib\dx.jar
Launcher Type: SUN_STANDARD

Environment Variables:
JAVA_HOME=C:\Program Files\Java\jdk1.8.0_51
PATH=C:\ProgramData\Oracle\Java\javapath;C:\Program Files (x86)\Intel\iCLS Client\;C:\Program Files\Intel\iCLS Client\;C:\Program Files (x86)\AMD APP\bin\x86_64;C:\Program Files (x86)\AMD APP\bin\x86;C:\WINDOWS\system32;C:\WINDOWS;C:\WINDOWS\System32\Wbem;C:\WINDOWS\System32\WindowsPowerShell\v1.0\;C:\Program Files (x86)\ATI Technologies\ATI.ACE\Core-Static;C:\Program Files\Intel\Intel(R) Management Engine Components\DAL;C:\Program Files\Intel\Intel(R) Management Engine Components\IPT;C:\Program Files (x86)\Intel\Intel(R) Management Engine Components\DAL;C:\Program Files (x86)\Intel\Intel(R) Management Engine Components\IPT;\;C:\Program Files (x86)\Sony\VAIO Startup Setting Tool;C:\Program Files (x86)\Brackets\command;C:\Program Files (x86)\Java\jdk1.8.0_45\bin;C:\Program Files\nodejs\;C:\Users\Ganesh Prasad\AppData\Local\GitHub\PortableGit_c7e0cbde92ba565cb218a521411d0e854079a28c\bin;C:\Users\Ganesh Prasad\AppData\Local\GitHub\PortableGit_c7e0cbde92ba565cb218a521411d0e854079a28c\cmd;C:\Users\Ganesh Prasad\Anaconda2;C:\Users\Ganesh Prasad\Anaconda2\Scripts;C:\Users\Ganesh Prasad\Anaconda2\Library\bin;C:\Users\Ganesh Prasad\AppData\Roaming\npm
USERNAME=Ganesh Prasad
OS=Windows_NT
PROCESSOR_IDENTIFIER=Intel64 Family 6 Model 58 Stepping 9, GenuineIntel



---------------  S Y S T E M  ---------------

OS: Windows 10.0 , 64 bit Build 10586 (10.0.10586.0)

CPU:total 4 (2 cores per cpu, 2 threads per core) family 6 model 58 stepping 9, cmov, cx8, fxsr, mmx, sse, sse2, sse3, ssse3, sse4.1, sse4.2, popcnt, avx, clmul, erms, ht, tsc, tscinvbit, tscinv

Memory: 4k page, physical 4140316k(583808k free), swap 5574940k(343332k free)

vm_info: Java HotSpot(TM) 64-Bit Server VM (25.51-b03) for windows-amd64 JRE (1.8.0_51-b16), built on Jun  8 2015 18:03:07 by "java_re" with MS VC++ 10.0 (VS2010)

time: Mon Jun 20 12:56:39 2016
elapsed time: 0 seconds (0d 0h 0m 0s)

